<?xml version="1.0" encoding="UTF-8"?>
<testsuite name="com.QuantityMeasurement.QuantityMeasurementTest" tests="1" skipped="0" failures="0" errors="0" timestamp="2020-06-03T20:00:28" hostname="DESKTOP-V36FRB4" time="0.004">
  <properties/>
  <testcase name="given1FeetAnd12Inch_shouldReturnEqualLength" classname="com.QuantityMeasurement.QuantityMeasurementTest" time="0.004"/>
  <system-out><![CDATA[]]></system-out>
  <system-err><![CDATA[]]></system-err>
</testsuite>
