<?xml version="1.0" encoding="UTF-8"?>
<testsuite name="com.QuantityMeasurement.QuantityMeasurementTest" tests="1" skipped="0" failures="0" errors="0" timestamp="2020-06-03T18:20:52" hostname="DESKTOP-V36FRB4" time="0.007">
  <properties/>
  <testcase name="given0InchAnd1Inch_shouldReturnEqual" classname="com.QuantityMeasurement.QuantityMeasurementTest" time="0.007"/>
  <system-out><![CDATA[]]></system-out>
  <system-err><![CDATA[]]></system-err>
</testsuite>
