<?xml version="1.0" encoding="UTF-8"?>
<testsuite name="com.QuantityMeasurement.QuantityMeasurementTest" tests="1" skipped="0" failures="0" errors="0" timestamp="2020-06-05T18:48:57" hostname="DESKTOP-V36FRB4" time="0.011">
  <properties/>
  <testcase name="given212FahrenheitAnd100Celsius_shouldReturnEqualTemperature" classname="com.QuantityMeasurement.QuantityMeasurementTest" time="0.011"/>
  <system-out><![CDATA[]]></system-out>
  <system-err><![CDATA[]]></system-err>
</testsuite>
