<?xml version="1.0" encoding="UTF-8"?>
<testsuite name="com.QuantityMeasurement.QuantityMeasurementTest" tests="1" skipped="1" failures="0" errors="0" timestamp="2020-06-06T15:32:40" hostname="DESKTOP-V36FRB4" time="40.111">
  <properties/>
  <testcase name="given1YardAndKiloGrams_shouldThrowException" classname="com.QuantityMeasurement.QuantityMeasurementTest" time="40.111">
    <skipped/>
  </testcase>
  <system-out><![CDATA[]]></system-out>
  <system-err><![CDATA[]]></system-err>
</testsuite>
